<?xml version="1.0" encoding="UTF-8"?>
<!-- Generated by org.testng.reporters.JUnitXMLReporter -->
<testsuite ignored="0" hostname="HP" failures="0" tests="1" name="Default test" time="0.153" errors="0" timestamp="2022-07-05T15:56:30 IST">
  <testcase classname="CrossBrowserOfPropertyFileUsingListener.ValidateKiteUserIDUsingProperty" name="@BeforeClass launchBrowser" time="0.033">
    <failure type="java.lang.NullPointerException">
      <![CDATA[java.lang.NullPointerException
at CrossBrowserOfPropertyFileUsingListener.ValidateKiteUserIDUsingProperty.launchBrowser(ValidateKiteUserIDUsingProperty.java:30)
at java.base/jdk.internal.reflect.NativeMethodAccessorImpl.invoke0(Native Method)
at java.base/jdk.internal.reflect.NativeMethodAccessorImpl.invoke(NativeMethodAccessorImpl.java:62)
at java.base/jdk.internal.reflect.DelegatingMethodAccessorImpl.invoke(DelegatingMethodAccessorImpl.java:43)
at java.base/java.lang.reflect.Method.invoke(Method.java:566)
at org.testng.internal.MethodInvocationHelper.invokeMethod(MethodInvocationHelper.java:133)
at org.testng.internal.MethodInvocationHelper.invokeMethodConsideringTimeout(MethodInvocationHelper.java:62)
at org.testng.internal.ConfigInvoker.invokeConfigurationMethod(ConfigInvoker.java:385)
at org.testng.internal.ConfigInvoker.invokeConfigurations(ConfigInvoker.java:321)
at org.testng.internal.TestMethodWorker.invokeBeforeClassMethods(TestMethodWorker.java:176)
at org.testng.internal.TestMethodWorker.run(TestMethodWorker.java:122)
at java.base/java.util.ArrayList.forEach(ArrayList.java:1541)
at org.testng.TestRunner.privateRun(TestRunner.java:794)
at org.testng.TestRunner.run(TestRunner.java:596)
at org.testng.SuiteRunner.runTest(SuiteRunner.java:377)
at org.testng.SuiteRunner.runSequentially(SuiteRunner.java:371)
at org.testng.SuiteRunner.privateRun(SuiteRunner.java:332)
at org.testng.SuiteRunner.run(SuiteRunner.java:276)
at org.testng.SuiteRunnerWorker.runSuite(SuiteRunnerWorker.java:53)
at org.testng.SuiteRunnerWorker.run(SuiteRunnerWorker.java:96)
at org.testng.TestNG.runSuitesSequentially(TestNG.java:1212)
at org.testng.TestNG.runSuitesLocally(TestNG.java:1134)
at org.testng.TestNG.runSuites(TestNG.java:1063)
at org.testng.TestNG.run(TestNG.java:1031)
at org.testng.remote.AbstractRemoteTestNG.run(AbstractRemoteTestNG.java:115)
at org.testng.remote.RemoteTestNG.initAndRun(RemoteTestNG.java:251)
at org.testng.remote.RemoteTestNG.main(RemoteTestNG.java:77)
]]>
    </failure>
  </testcase> <!-- @BeforeClass launchBrowser -->
  <testcase classname="CrossBrowserOfPropertyFileUsingListener.ValidateKiteUserIDUsingProperty" name="@BeforeMethod LoginToKiteApp" time="-1.65701678984E9">
    <skipped/>
  </testcase> <!-- @BeforeMethod LoginToKiteApp -->
  <testcase classname="CrossBrowserOfPropertyFileUsingListener.ValidateKiteUserIDUsingProperty" name="@AfterMethod logOutFromKite" time="-1.657016789852E9">
    <skipped/>
  </testcase> <!-- @AfterMethod logOutFromKite -->
  <testcase classname="CrossBrowserOfPropertyFileUsingListener.ValidateKiteUserIDUsingProperty" name="@AfterClass closeBrowser" time="-1.65701678986E9">
    <skipped/>
  </testcase> <!-- @AfterClass closeBrowser -->
  <testcase classname="CrossBrowserOfPropertyFileUsingListener.ValidateKiteUserIDUsingProperty" name="ValidateUserID" time="0.0">
    <skipped/>
  </testcase> <!-- ValidateUserID -->
</testsuite> <!-- Default test -->
