<?xml version="1.0" encoding="UTF-8"?>
<!-- Generated by org.testng.reporters.JUnitXMLReporter -->
<testsuite ignored="0" hostname="HP" failures="0" tests="1" name="chrome1" time="0.173" errors="0" timestamp="2022-07-05T15:46:54 IST">
  <testcase classname="CrossBrowserOfPropertyFileUsingListener.ValidateKiteUserIDUsingProperty" name="@BeforeMethod LoginToKiteApp" time="0.005">
    <failure type="java.lang.NullPointerException">
      <![CDATA[java.lang.NullPointerException
at org.openqa.selenium.support.pagefactory.DefaultElementLocator.findElement(DefaultElementLocator.java:70)
at org.openqa.selenium.support.pagefactory.internal.LocatingElementHandler.invoke(LocatingElementHandler.java:39)
at com.sun.proxy.$Proxy20.sendKeys(Unknown Source)
at B_KitePOM.KiteLoginPageProperty.sendUserName(KiteLoginPageProperty.java:26)
at CrossBrowserOfPropertyFileUsingListener.ValidateKiteUserIDUsingProperty.LoginToKiteApp(ValidateKiteUserIDUsingProperty.java:47)
at java.base/java.util.ArrayList.forEach(ArrayList.java:1541)
... Removed 31 stack frames]]>
    </failure>
  </testcase> <!-- @BeforeMethod LoginToKiteApp -->
  <testcase classname="CrossBrowserOfPropertyFileUsingListener.ValidateKiteUserIDUsingProperty" name="@AfterMethod logOutFromKite" time="-1.657016213887E9">
    <skipped/>
  </testcase> <!-- @AfterMethod logOutFromKite -->
  <testcase classname="CrossBrowserOfPropertyFileUsingListener.ValidateKiteUserIDUsingProperty" name="@AfterClass closeBrowser" time="-1.657016213914E9">
    <skipped/>
  </testcase> <!-- @AfterClass closeBrowser -->
  <testcase classname="CrossBrowserOfPropertyFileUsingListener.ValidateKiteUserIDUsingProperty" name="ValidateUserID" time="0.0">
    <skipped/>
  </testcase> <!-- ValidateUserID -->
</testsuite> <!-- chrome1 -->
