<?xml version="1.0" encoding="UTF-8"?>
<!-- Generated by org.testng.reporters.JUnitXMLReporter -->
<testsuite ignored="0" hostname="HP" failures="0" tests="5" name="MultipleClass" time="35.868" errors="0" timestamp="2022-06-22T17:51:55 IST">
  <testcase classname="TestNGStudy.AnnotationTakingDirectClass" name="rechargePhone" time="0.017"/>
  <testcase classname="TestNGStudy.AnnotationStudy" name="validateDashBoard" time="0.012"/>
  <testcase classname="TestNGStudy.AnnotationStudy" name="validateUserID" time="0.015"/>
  <testcase classname="TestNGStudy.Example1TestNG" name="myMeyhod" time="20.602"/>
  <testcase classname="TestNGStudy.Example1TestNG" name="myMeyhod1" time="14.91"/>
</testsuite> <!-- MultipleClass -->
