<?xml version="1.0" encoding="UTF-8"?>
<testng-results ignored="0" total="2" passed="1" failed="1" skipped="0">
  <reporter-output>
    <line>
      <![CDATA[Launching browser]]>
    </line>
    <line>
      <![CDATA[Test case passed Successfully]]>
    </line>
    <line>
      <![CDATA[Launching browser]]>
    </line>
  </reporter-output>
  <suite started-at="2022-07-05T16:16:21 IST" name="Suite" finished-at="2022-07-05T16:17:43 IST" duration-ms="81979">
    <groups>
    </groups>
    <test started-at="2022-07-05T16:16:21 IST" name="Test1" finished-at="2022-07-05T16:16:52 IST" duration-ms="31928">
      <class name="CrossBrowserOfPropertyFileUsingListener.ValidateKiteUserIDUsingProperty">
        <test-method is-config="true" signature="launchBrowser(java.lang.String)[pri:0, instance:CrossBrowserOfPropertyFileUsingListener.ValidateKiteUserIDUsingProperty@537f60bf]" started-at="2022-07-05T16:16:21 IST" name="launchBrowser" finished-at="2022-07-05T16:16:41 IST" duration-ms="20648" status="PASS">
          <params>
            <param index="0">
              <value>
                <![CDATA[chrome]]>
              </value>
            </param>
          </params>
          <reporter-output>
            <line>
              <![CDATA[Launching browser]]>
            </line>
          </reporter-output>
        </test-method> <!-- launchBrowser -->
        <test-method is-config="true" signature="LoginToKiteApp()[pri:0, instance:CrossBrowserOfPropertyFileUsingListener.ValidateKiteUserIDUsingProperty@537f60bf]" started-at="2022-07-05T16:16:41 IST" name="LoginToKiteApp" finished-at="2022-07-05T16:16:43 IST" duration-ms="1947" status="PASS">
          <reporter-output>
          </reporter-output>
        </test-method> <!-- LoginToKiteApp -->
        <test-method signature="ValidateUserID()[pri:0, instance:CrossBrowserOfPropertyFileUsingListener.ValidateKiteUserIDUsingProperty@537f60bf]" started-at="2022-07-05T16:16:43 IST" name="ValidateUserID" finished-at="2022-07-05T16:16:49 IST" duration-ms="6054" status="PASS">
          <reporter-output>
            <line>
              <![CDATA[Test case passed Successfully]]>
            </line>
          </reporter-output>
        </test-method> <!-- ValidateUserID -->
        <test-method is-config="true" signature="logOutFromKite()[pri:0, instance:CrossBrowserOfPropertyFileUsingListener.ValidateKiteUserIDUsingProperty@537f60bf]" started-at="2022-07-05T16:16:49 IST" name="logOutFromKite" finished-at="2022-07-05T16:16:52 IST" duration-ms="2812" status="PASS">
          <reporter-output>
          </reporter-output>
        </test-method> <!-- logOutFromKite -->
        <test-method is-config="true" signature="closeBrowser()[pri:0, instance:CrossBrowserOfPropertyFileUsingListener.ValidateKiteUserIDUsingProperty@537f60bf]" started-at="2022-07-05T16:16:52 IST" name="closeBrowser" finished-at="2022-07-05T16:16:52 IST" duration-ms="345" status="PASS">
          <reporter-output>
          </reporter-output>
        </test-method> <!-- closeBrowser -->
      </class> <!-- CrossBrowserOfPropertyFileUsingListener.ValidateKiteUserIDUsingProperty -->
    </test> <!-- Test1 -->
    <test started-at="2022-07-05T16:16:53 IST" name="Test2" finished-at="2022-07-05T16:17:43 IST" duration-ms="49821">
      <class name="CrossBrowserOfPropertyFileUsingListener.ValidateKiteUserIDUsingProperty">
        <test-method is-config="true" signature="launchBrowser(java.lang.String)[pri:0, instance:CrossBrowserOfPropertyFileUsingListener.ValidateKiteUserIDUsingProperty@15bb5034]" started-at="2022-07-05T16:16:53 IST" name="launchBrowser" finished-at="2022-07-05T16:17:22 IST" duration-ms="29433" status="PASS">
          <params>
            <param index="0">
              <value>
                <![CDATA[firefox]]>
              </value>
            </param>
          </params>
          <reporter-output>
            <line>
              <![CDATA[Launching browser]]>
            </line>
          </reporter-output>
        </test-method> <!-- launchBrowser -->
        <test-method is-config="true" signature="LoginToKiteApp()[pri:0, instance:CrossBrowserOfPropertyFileUsingListener.ValidateKiteUserIDUsingProperty@15bb5034]" started-at="2022-07-05T16:17:22 IST" name="LoginToKiteApp" finished-at="2022-07-05T16:17:26 IST" duration-ms="4015" status="PASS">
          <reporter-output>
          </reporter-output>
        </test-method> <!-- LoginToKiteApp -->
        <test-method signature="ValidateUserID()[pri:0, instance:CrossBrowserOfPropertyFileUsingListener.ValidateKiteUserIDUsingProperty@15bb5034]" started-at="2022-07-05T16:17:26 IST" name="ValidateUserID" finished-at="2022-07-05T16:17:32 IST" duration-ms="5811" status="FAIL">
          <exception class="org.openqa.selenium.NoSuchElementException">
            <message>
              <![CDATA[Unable to locate element: //span[@class='user-id']
For documentation on this error, please visit: https://selenium.dev/exceptions/#no_such_element
Build info: version: '4.1.4', revision: '535d840ee2'
System info: host: 'HP', ip: '192.168.216.146', os.name: 'Windows 8.1', os.arch: 'amd64', os.version: '6.3', java.version: '11.0.12'
Driver info: org.openqa.selenium.firefox.FirefoxDriver
Command: [939fed24-b1f8-424d-bc0e-fe4357b329f7, findElement {using=xpath, value=//span[@class='user-id']}]
Capabilities {acceptInsecureCerts: true, browserName: firefox, browserVersion: 102.0, javascriptEnabled: true, moz:accessibilityChecks: false, moz:buildID: 20220623063721, moz:debuggerAddress: localhost:59212, moz:geckodriverVersion: 0.31.0, moz:headless: false, moz:processID: 10176, moz:profile: C:\Users\Akshay\AppData\Loc..., moz:shutdownTimeout: 60000, moz:useNonSpecCompliantPointerOrigin: false, moz:webdriverClick: true, moz:windowless: false, pageLoadStrategy: normal, platform: WINDOWS, platformName: WINDOWS, platformVersion: 6.3, proxy: Proxy(), se:cdp: ws://localhost:59212/devtoo..., se:cdpVersion: 85.0, setWindowRect: true, strictFileInteractability: false, timeouts: {implicit: 0, pageLoad: 300000, script: 30000}, unhandledPromptBehavior: dismiss and notify}
Session ID: 939fed24-b1f8-424d-bc0e-fe4357b329f7]]>
            </message>
            <full-stacktrace>
              <![CDATA[org.openqa.selenium.NoSuchElementException: Unable to locate element: //span[@class='user-id']
For documentation on this error, please visit: https://selenium.dev/exceptions/#no_such_element
Build info: version: '4.1.4', revision: '535d840ee2'
System info: host: 'HP', ip: '192.168.216.146', os.name: 'Windows 8.1', os.arch: 'amd64', os.version: '6.3', java.version: '11.0.12'
Driver info: org.openqa.selenium.firefox.FirefoxDriver
Command: [939fed24-b1f8-424d-bc0e-fe4357b329f7, findElement {using=xpath, value=//span[@class='user-id']}]
Capabilities {acceptInsecureCerts: true, browserName: firefox, browserVersion: 102.0, javascriptEnabled: true, moz:accessibilityChecks: false, moz:buildID: 20220623063721, moz:debuggerAddress: localhost:59212, moz:geckodriverVersion: 0.31.0, moz:headless: false, moz:processID: 10176, moz:profile: C:\Users\Akshay\AppData\Loc..., moz:shutdownTimeout: 60000, moz:useNonSpecCompliantPointerOrigin: false, moz:webdriverClick: true, moz:windowless: false, pageLoadStrategy: normal, platform: WINDOWS, platformName: WINDOWS, platformVersion: 6.3, proxy: Proxy(), se:cdp: ws://localhost:59212/devtoo..., se:cdpVersion: 85.0, setWindowRect: true, strictFileInteractability: false, timeouts: {implicit: 0, pageLoad: 300000, script: 30000}, unhandledPromptBehavior: dismiss and notify}
Session ID: 939fed24-b1f8-424d-bc0e-fe4357b329f7
at java.base/jdk.internal.reflect.NativeConstructorAccessorImpl.newInstance0(Native Method)
at java.base/jdk.internal.reflect.NativeConstructorAccessorImpl.newInstance(NativeConstructorAccessorImpl.java:62)
at java.base/jdk.internal.reflect.DelegatingConstructorAccessorImpl.newInstance(DelegatingConstructorAccessorImpl.java:45)
at java.base/java.lang.reflect.Constructor.newInstance(Constructor.java:490)
at org.openqa.selenium.remote.codec.w3c.W3CHttpResponseCodec.createException(W3CHttpResponseCodec.java:200)
at org.openqa.selenium.remote.codec.w3c.W3CHttpResponseCodec.decode(W3CHttpResponseCodec.java:133)
at org.openqa.selenium.remote.codec.w3c.W3CHttpResponseCodec.decode(W3CHttpResponseCodec.java:53)
at org.openqa.selenium.remote.HttpCommandExecutor.execute(HttpCommandExecutor.java:184)
at org.openqa.selenium.remote.service.DriverCommandExecutor.invokeExecute(DriverCommandExecutor.java:167)
at org.openqa.selenium.remote.service.DriverCommandExecutor.execute(DriverCommandExecutor.java:142)
at org.openqa.selenium.remote.RemoteWebDriver.execute(RemoteWebDriver.java:567)
at org.openqa.selenium.remote.ElementLocation$ElementFinder$2.findElement(ElementLocation.java:162)
at org.openqa.selenium.remote.ElementLocation.findElement(ElementLocation.java:60)
at org.openqa.selenium.remote.RemoteWebDriver.findElement(RemoteWebDriver.java:385)
at org.openqa.selenium.remote.RemoteWebDriver.findElement(RemoteWebDriver.java:377)
at org.openqa.selenium.support.pagefactory.DefaultElementLocator.findElement(DefaultElementLocator.java:70)
at org.openqa.selenium.support.pagefactory.internal.LocatingElementHandler.invoke(LocatingElementHandler.java:39)
at com.sun.proxy.$Proxy20.getText(Unknown Source)
at B_KitePOM.KiteHomePageProperty.actualUserName(KiteHomePageProperty.java:43)
at CrossBrowserOfPropertyFileUsingListener.ValidateKiteUserIDUsingProperty.ValidateUserID(ValidateKiteUserIDUsingProperty.java:58)
at java.base/jdk.internal.reflect.NativeMethodAccessorImpl.invoke0(Native Method)
at java.base/jdk.internal.reflect.NativeMethodAccessorImpl.invoke(NativeMethodAccessorImpl.java:62)
at java.base/jdk.internal.reflect.DelegatingMethodAccessorImpl.invoke(DelegatingMethodAccessorImpl.java:43)
at java.base/java.lang.reflect.Method.invoke(Method.java:566)
at org.testng.internal.MethodInvocationHelper.invokeMethod(MethodInvocationHelper.java:133)
at org.testng.internal.TestInvoker.invokeMethod(TestInvoker.java:598)
at org.testng.internal.TestInvoker.invokeTestMethod(TestInvoker.java:173)
at org.testng.internal.MethodRunner.runInSequence(MethodRunner.java:46)
at org.testng.internal.TestInvoker$MethodInvocationAgent.invoke(TestInvoker.java:824)
at org.testng.internal.TestInvoker.invokeTestMethods(TestInvoker.java:146)
at org.testng.internal.TestMethodWorker.invokeTestMethods(TestMethodWorker.java:146)
at org.testng.internal.TestMethodWorker.run(TestMethodWorker.java:128)
at java.base/java.util.ArrayList.forEach(ArrayList.java:1541)
at org.testng.TestRunner.privateRun(TestRunner.java:794)
at org.testng.TestRunner.run(TestRunner.java:596)
at org.testng.SuiteRunner.runTest(SuiteRunner.java:377)
at org.testng.SuiteRunner.runSequentially(SuiteRunner.java:371)
at org.testng.SuiteRunner.privateRun(SuiteRunner.java:332)
at org.testng.SuiteRunner.run(SuiteRunner.java:276)
at org.testng.SuiteRunnerWorker.runSuite(SuiteRunnerWorker.java:53)
at org.testng.SuiteRunnerWorker.run(SuiteRunnerWorker.java:96)
at org.testng.TestNG.runSuitesSequentially(TestNG.java:1212)
at org.testng.TestNG.runSuitesLocally(TestNG.java:1134)
at org.testng.TestNG.runSuites(TestNG.java:1063)
at org.testng.TestNG.run(TestNG.java:1031)
at org.testng.remote.AbstractRemoteTestNG.run(AbstractRemoteTestNG.java:115)
at org.testng.remote.RemoteTestNG.initAndRun(RemoteTestNG.java:251)
at org.testng.remote.RemoteTestNG.main(RemoteTestNG.java:77)
]]>
            </full-stacktrace>
          </exception> <!-- org.openqa.selenium.NoSuchElementException -->
          <reporter-output>
          </reporter-output>
        </test-method> <!-- ValidateUserID -->
        <test-method is-config="true" signature="logOutFromKite()[pri:0, instance:CrossBrowserOfPropertyFileUsingListener.ValidateKiteUserIDUsingProperty@15bb5034]" started-at="2022-07-05T16:17:32 IST" name="logOutFromKite" finished-at="2022-07-05T16:17:37 IST" duration-ms="5415" status="PASS">
          <reporter-output>
          </reporter-output>
        </test-method> <!-- logOutFromKite -->
        <test-method is-config="true" signature="closeBrowser()[pri:0, instance:CrossBrowserOfPropertyFileUsingListener.ValidateKiteUserIDUsingProperty@15bb5034]" started-at="2022-07-05T16:17:37 IST" name="closeBrowser" finished-at="2022-07-05T16:17:43 IST" duration-ms="5107" status="PASS">
          <reporter-output>
          </reporter-output>
        </test-method> <!-- closeBrowser -->
      </class> <!-- CrossBrowserOfPropertyFileUsingListener.ValidateKiteUserIDUsingProperty -->
    </test> <!-- Test2 -->
  </suite> <!-- Suite -->
</testng-results>
